<?xml version="1.0" encoding="UTF-8" ?>
<testsuite tests="13" failures="0" name="RomanNumeralsTest" time="0.004" errors="0" skipped="0">
  <properties>
[...]
</properties>
  <testcase classname="RomanNumeralsTest" name="_40_and_50" time="0.003"/>
  <testcase classname="RomanNumeralsTest" name="oneTwoThreeRepeatIt" time="0"/>
  <testcase classname="RomanNumeralsTest" name="oneTwo" time="0"/>
  <testcase classname="RomanNumeralsTest" name="nineIsXPrefixedByI" time="0.001"/>
  <testcase classname="RomanNumeralsTest" name="_1000_and_900" time="0"/>
  <testcase classname="RomanNumeralsTest" name="one" time="0"/>
  <testcase classname="RomanNumeralsTest" name="six" time="0"/>
  <testcase classname="RomanNumeralsTest" name="ten" time="0"/>
  <testcase classname="RomanNumeralsTest" name="five" time="0"/>
  <testcase classname="RomanNumeralsTest" name="four" time="0"/>
  <testcase classname="RomanNumeralsTest" name="seven" time="0"/>
  <testcase classname="RomanNumeralsTest" name="_100_and_400" time="0"/>
  <testcase classname="RomanNumeralsTest" name="randomNumber_2019" time="0"/>
</testsuite>